#
# A fatal error has been detected by the Java Runtime Environment:
#
#  EXCEPTION_ACCESS_VIOLATION (0xc0000005) at pc=0x00007ffdf5ae000a, pid=26020, tid=26536
#
# JRE version: Java(TM) SE Runtime Environment (7.0_45-b18) (build 1.7.0_45-b18)
# Java VM: Java HotSpot(TM) 64-Bit Server VM (24.45-b08 mixed mode windows-amd64 compressed oops)
# Problematic frame:
# C  0x00007ffdf5ae000a
#
# Failed to write core dump. Minidumps are not enabled by default on client versions of Windows
#
# If you would like to submit a bug report, please visit:
#   http://bugreport.sun.com/bugreport/crash.jsp
# The crash happened outside the Java Virtual Machine in native code.
# See problematic frame for where to report the bug.
#

---------------  T H R E A D  ---------------

Current thread (0x000000000f7e7800):  JavaThread "Thread-49" [_thread_in_native, id=26536, stack(0x0000000018a90000,0x0000000018b90000)]

siginfo: ExceptionCode=0xc0000005, writing address 0x00007ffdf5ae2008

Registers:
RAX=0x000000000000000f, RBX=0x0000000000000000, RCX=0x0000000018b8b3c0, RDX=0x00000000001f0003
RSP=0x0000000018b8b388, RBP=0x0000000000000000, RSI=0x0000000000000000, RDI=0x00000000000000ff
R8 =0x0000000000000000, R9 =0x0000000000000001, R10=0x00007ffdf5ae1f94, R11=0x00007ffe759ba50f
R12=0x0000000000000100, R13=0x0000000018b8d6b8, R14=0x0000000000000001, R15=0x0000000000000000
RIP=0x00007ffdf5ae000a, EFLAGS=0x0000000000010212

Top of Stack: (sp=0x0000000018b8b388)
0x0000000018b8b388:   00007ffe72e71941 0000000000000000
0x0000000018b8b398:   0000000000000000 0000000000000000
0x0000000018b8b3a8:   0000000000000000 0000000000000000
0x0000000018b8b3b8:   0000000000000000 0000000000000000
0x0000000018b8b3c8:   0000000000000000 0000000000000000
0x0000000018b8b3d8:   0000000000000000 0000000000000000
0x0000000018b8b3e8:   0000000000000000 0000000000000000
0x0000000018b8b3f8:   0000000000000000 0000000000000000
0x0000000018b8b408:   0000000000000000 0000000000000000
0x0000000018b8b418:   0000000000000000 0000000000000068
0x0000000018b8b428:   00007ffe73681331 00007ffe6e70af48
0x0000000018b8b438:   0000000018b8b4f1 0000000000000004
0x0000000018b8b448:   0000000000000000 0000000000000000
0x0000000018b8b458:   0000000000000000 0000000000000000
0x0000000018b8b468:   0000000000000000 0000000000000000
0x0000000018b8b478:   0000000000000000 0000000000000000 

Instructions: (pc=0x00007ffdf5ae000a)
0x00007ffdf5adffea:   
[error occurred during error reporting (printing registers, top of stack, instructions near pc), id 0xc0000005]

Register to memory mapping:

RAX=0x000000000000000f is an unknown value
RBX=0x0000000000000000 is an unknown value
RCX=0x0000000018b8b3c0 is pointing into the stack for thread: 0x000000000f7e7800
RDX=0x00000000001f0003 is an unknown value
RSP=0x0000000018b8b388 is pointing into the stack for thread: 0x000000000f7e7800
RBP=0x0000000000000000 is an unknown value
RSI=0x0000000000000000 is an unknown value
RDI=0x00000000000000ff is an unknown value
R8 =0x0000000000000000 is an unknown value
R9 =0x0000000000000001 is an unknown value
R10=0x00007ffdf5ae1f94 is an unknown value
R11=0x00007ffe759ba50f is an unknown value
R12=0x0000000000000100 is an unknown value
R13=0x0000000018b8d6b8 is pointing into the stack for thread: 0x000000000f7e7800
R14=0x0000000000000001 is an unknown value
R15=0x0000000000000000 is an unknown value


Stack: [0x0000000018a90000,0x0000000018b90000],  sp=0x0000000018b8b388,  free space=1004k
Native frames: (J=compiled Java code, j=interpreted, Vv=VM code, C=native code)
C  0x00007ffdf5ae000a

[error occurred during error reporting (printing native stack), id 0xc0000005]

Java frames: (J=compiled Java code, j=interpreted, Vv=VM code)
j  java.net.Inet6AddressImpl.getHostByAddr([B)Ljava/lang/String;+0
j  java.net.InetAddress$1.getHostByAddr([B)Ljava/lang/String;+4
j  java.net.InetAddress.getHostFromNameService(Ljava/net/InetAddress;Z)Ljava/lang/String;+37
j  java.net.InetAddress.getHostName(Z)Ljava/lang/String;+16
j  java.net.InetAddress.getHostName()Ljava/lang/String;+2
j  cyvis.ScanNetworkForDevices$checkAddress.run()V+52
j  java.lang.Thread.run()V+11
v  ~StubRoutines::call_stub

---------------  P R O C E S S  ---------------

Java Threads: ( => current thread )
  0x000000000f7e6800 JavaThread "Thread-50" [_thread_in_native, id=26552, stack(0x0000000018b90000,0x0000000018c90000)]
=>0x000000000f7e7800 JavaThread "Thread-49" [_thread_in_native, id=26536, stack(0x0000000018a90000,0x0000000018b90000)]
  0x000000000f7e3000 JavaThread "Thread-48" [_thread_in_native, id=26540, stack(0x0000000018990000,0x0000000018a90000)]
  0x000000000f7e3800 JavaThread "Thread-47" [_thread_in_native, id=26560, stack(0x0000000018890000,0x0000000018990000)]
  0x000000000f7e6000 JavaThread "Thread-46" [_thread_in_native, id=26548, stack(0x0000000018790000,0x0000000018890000)]
  0x000000000f7e5000 JavaThread "Thread-45" [_thread_in_native, id=26400, stack(0x0000000018690000,0x0000000018790000)]
  0x000000000f7df000 JavaThread "Thread-44" [_thread_in_native, id=26532, stack(0x0000000017d90000,0x0000000017e90000)]
  0x000000000f7e1800 JavaThread "Thread-43" [_thread_in_native, id=26528, stack(0x0000000017c90000,0x0000000017d90000)]
  0x000000000f7e0800 JavaThread "Thread-42" [_thread_in_native, id=25860, stack(0x0000000017b90000,0x0000000017c90000)]
  0x000000000f7e2000 JavaThread "Thread-41" [_thread_in_native, id=26524, stack(0x0000000017a90000,0x0000000017b90000)]
  0x000000000f7dd800 JavaThread "Thread-40" [_thread_in_native, id=26504, stack(0x0000000017990000,0x0000000017a90000)]
  0x000000000f7de800 JavaThread "Thread-39" [_thread_in_native, id=26384, stack(0x0000000017890000,0x0000000017990000)]
  0x000000000f7e0000 JavaThread "Thread-38" [_thread_in_native, id=26516, stack(0x0000000017790000,0x0000000017890000)]
  0x000000000f7c2000 JavaThread "Thread-37" [_thread_in_native, id=26508, stack(0x0000000017690000,0x0000000017790000)]
  0x000000000f7c1000 JavaThread "Thread-36" [_thread_in_native, id=26500, stack(0x0000000017590000,0x0000000017690000)]
  0x000000000f7c2800 JavaThread "Thread-35" [_thread_in_native, id=26356, stack(0x0000000017090000,0x0000000017190000)]
  0x000000000f7be800 JavaThread "Thread-34" [_thread_in_native, id=26512, stack(0x0000000016f90000,0x0000000017090000)]
  0x000000000f7c0800 JavaThread "Thread-33" [_thread_in_native, id=26360, stack(0x0000000016e90000,0x0000000016f90000)]
  0x000000000f7be000 JavaThread "Thread-32" [_thread_in_native, id=26496, stack(0x0000000016d90000,0x0000000016e90000)]
  0x000000000f7bf800 JavaThread "Thread-31" [_thread_in_native, id=26340, stack(0x0000000016c90000,0x0000000016d90000)]
  0x000000000f7bd000 JavaThread "Thread-30" [_thread_in_native, id=26484, stack(0x0000000016b90000,0x0000000016c90000)]
  0x000000000f7b9800 JavaThread "Thread-29" [_thread_in_native, id=26476, stack(0x0000000016a90000,0x0000000016b90000)]
  0x000000000f7ba000 JavaThread "Thread-28" [_thread_in_native, id=26480, stack(0x0000000016990000,0x0000000016a90000)]
  0x000000000f7bc800 JavaThread "Thread-27" [_thread_in_native, id=26316, stack(0x0000000016890000,0x0000000016990000)]
  0x000000000f7bb000 JavaThread "Thread-26" [_thread_in_native, id=25808, stack(0x0000000016790000,0x0000000016890000)]
  0x000000000f7bb800 JavaThread "Thread-25" [_thread_in_native, id=26440, stack(0x0000000016690000,0x0000000016790000)]
  0x000000000f7b5800 JavaThread "Thread-24" [_thread_in_native, id=26428, stack(0x0000000016590000,0x0000000016690000)]
  0x000000000f7b8000 JavaThread "Thread-23" [_thread_in_native, id=26436, stack(0x0000000016490000,0x0000000016590000)]
  0x000000000f7b8800 JavaThread "Thread-22" [_thread_in_native, id=26432, stack(0x0000000016390000,0x0000000016490000)]
  0x000000000f7b7000 JavaThread "Thread-21" [_thread_in_native, id=26424, stack(0x0000000016290000,0x0000000016390000)]
  0x000000000f7b5000 JavaThread "Thread-20" [_thread_in_native, id=26420, stack(0x0000000016190000,0x0000000016290000)]
  0x000000000f7b3800 JavaThread "Thread-19" [_thread_in_native, id=26412, stack(0x0000000016090000,0x0000000016190000)]
  0x000000000f7b4000 JavaThread "Thread-18" [_thread_in_native, id=26408, stack(0x0000000015f90000,0x0000000016090000)]
  0x000000000f7b6800 JavaThread "Thread-17" [_thread_in_native, id=26416, stack(0x0000000015e90000,0x0000000015f90000)]
  0x000000000f727000 JavaThread "Thread-16" [_thread_in_native, id=26276, stack(0x0000000015d90000,0x0000000015e90000)]
  0x000000000f726800 JavaThread "Thread-15" [_thread_in_native, id=26280, stack(0x0000000015c90000,0x0000000015d90000)]
  0x000000000f725800 JavaThread "Thread-14" [_thread_in_native, id=26404, stack(0x0000000015b90000,0x0000000015c90000)]
  0x000000000f728000 JavaThread "Thread-13" [_thread_in_native, id=27108, stack(0x0000000015a90000,0x0000000015b90000)]
  0x000000000f722800 JavaThread "Thread-12" [_thread_in_native, id=26396, stack(0x0000000015990000,0x0000000015a90000)]
  0x000000000f725000 JavaThread "Thread-11" [_thread_in_native, id=26380, stack(0x0000000015890000,0x0000000015990000)]
  0x000000000f723800 JavaThread "Thread-10" [_thread_in_native, id=26392, stack(0x0000000015790000,0x0000000015890000)]
  0x000000000f724000 JavaThread "Thread-9" [_thread_in_native, id=26388, stack(0x0000000015690000,0x0000000015790000)]
  0x000000000f721000 JavaThread "Thread-8" [_thread_in_native, id=26248, stack(0x0000000015590000,0x0000000015690000)]
  0x000000000f722000 JavaThread "Thread-7" [_thread_in_native, id=26376, stack(0x0000000015490000,0x0000000015590000)]
  0x000000000f71e800 JavaThread "Thread-6" [_thread_in_native, id=26372, stack(0x0000000015390000,0x0000000015490000)]
  0x000000000f7a6000 JavaThread "Thread-5" [_thread_in_native, id=26364, stack(0x0000000015290000,0x0000000015390000)]
  0x000000000f7dd000 JavaThread "Thread-4" [_thread_in_native, id=26368, stack(0x0000000015190000,0x0000000015290000)]
  0x000000000f7dc000 JavaThread "TimerQueue" daemon [_thread_blocked, id=26344, stack(0x0000000015090000,0x0000000015190000)]
  0x000000000f705000 JavaThread "D3D Screen Updater" daemon [_thread_blocked, id=26348, stack(0x0000000014b00000,0x0000000014c00000)]
  0x0000000002640800 JavaThread "DestroyJavaVM" [_thread_blocked, id=26188, stack(0x0000000002540000,0x0000000002640000)]
  0x000000000f704800 JavaThread "Thread-3" [_thread_in_native, id=26336, stack(0x0000000014900000,0x0000000014a00000)]
  0x000000000f6d5000 JavaThread "Thread-2" [_thread_blocked, id=26328, stack(0x00000000146a0000,0x00000000147a0000)]
  0x000000000f432000 JavaThread "AWT-EventQueue-0" [_thread_blocked, id=26216, stack(0x0000000013cd0000,0x0000000013dd0000)]
  0x000000000f430000 JavaThread "AWT-Windows" daemon [_thread_in_native, id=26160, stack(0x0000000010230000,0x0000000010330000)]
  0x000000000f42f000 JavaThread "AWT-Shutdown" [_thread_blocked, id=26256, stack(0x0000000010130000,0x0000000010230000)]
  0x000000000f539000 JavaThread "Java2D Disposer" daemon [_thread_blocked, id=26236, stack(0x0000000010030000,0x0000000010130000)]
  0x0000000002736000 JavaThread "Service Thread" daemon [_thread_blocked, id=26140, stack(0x000000000fbf0000,0x000000000fcf0000)]
  0x0000000002735000 JavaThread "C2 CompilerThread1" daemon [_thread_blocked, id=26148, stack(0x000000000faf0000,0x000000000fbf0000)]
  0x0000000002733000 JavaThread "C2 CompilerThread0" daemon [_thread_blocked, id=26124, stack(0x000000000f9f0000,0x000000000faf0000)]
  0x000000000272e800 JavaThread "Attach Listener" daemon [_thread_blocked, id=26252, stack(0x000000000f8f0000,0x000000000f9f0000)]
  0x0000000002729800 JavaThread "Signal Dispatcher" daemon [_thread_blocked, id=26232, stack(0x000000000f7f0000,0x000000000f8f0000)]
  0x000000000d40f800 JavaThread "Finalizer" daemon [_thread_blocked, id=26244, stack(0x000000000f2f0000,0x000000000f3f0000)]
  0x000000000d407000 JavaThread "Reference Handler" daemon [_thread_blocked, id=26240, stack(0x000000000f1f0000,0x000000000f2f0000)]

Other Threads:
  0x000000000d405000 VMThread [stack: 0x000000000f0f0000,0x000000000f1f0000] [id=27024]
  0x000000000273a800 WatcherThread [stack: 0x000000000fcf0000,0x000000000fdf0000] [id=26152]

VM state:not at safepoint (normal execution)

VM Mutex/Monitor currently owned by a thread: None

Heap
 PSYoungGen      total 57344K, used 6577K [0x00000007c0080000, 0x00000007c4080000, 0x0000000800000000)
  eden space 49152K, 10% used [0x00000007c0080000,0x00000007c05944e8,0x00000007c3080000)
  from space 8192K, 16% used [0x00000007c3080000,0x00000007c31d8000,0x00000007c3880000)
  to   space 8192K, 0% used [0x00000007c3880000,0x00000007c3880000,0x00000007c4080000)
 ParOldGen       total 130560K, used 0K [0x0000000740200000, 0x0000000748180000, 0x00000007c0080000)
  object space 130560K, 0% used [0x0000000740200000,0x0000000740200000,0x0000000748180000)
 PSPermGen       total 21504K, used 10074K [0x000000073b000000, 0x000000073c500000, 0x0000000740200000)
  object space 21504K, 46% used [0x000000073b000000,0x000000073b9d69e8,0x000000073c500000)

Card table byte_map: [0x0000000005740000,0x0000000005d70000] byte_map_base: 0x0000000001d68000

Polling page: 0x0000000000c60000

Code Cache  [0x0000000002740000, 0x00000000029b0000, 0x0000000005740000)
 total_blobs=415 nmethods=8 adapters=361 free_code_cache=48636Kb largest_free_block=49794368

Compilation events (10 events):
Event: 0.287 Thread 0x0000000002735000    4             java.lang.Object::<init> (1 bytes)
Event: 0.287 Thread 0x0000000002735000 nmethod 4 0x00000000027b0f50 code [0x00000000027b1080, 0x00000000027b1118]
Event: 0.302 Thread 0x0000000002733000    5             sun.java2d.loops.GraphicsPrimitive::getUniqueID (5 bytes)
Event: 0.302 Thread 0x0000000002733000 nmethod 5 0x00000000027b8e10 code [0x00000000027b8f40, 0x00000000027b8f98]
Event: 0.314 Thread 0x0000000002735000    6             java.lang.String::equals (81 bytes)
Event: 0.317 Thread 0x0000000002735000 nmethod 6 0x00000000027ba990 code [0x00000000027baae0, 0x00000000027bad58]
Event: 0.353 Thread 0x0000000002733000    7             java.nio.HeapByteBuffer::_get (7 bytes)
Event: 0.353 Thread 0x0000000002733000 nmethod 7 0x00000000027bdb10 code [0x00000000027bdc40, 0x00000000027bdcd8]
Event: 0.435 Thread 0x0000000002735000    8             java.util.Properties$LineReader::readLine (452 bytes)
Event: 0.444 Thread 0x0000000002735000 nmethod 8 0x00000000027c22d0 code [0x00000000027c2460, 0x00000000027c2c98]

GC Heap History (2 events):
Event: 4.537 GC heap before
{Heap before GC invocations=1 (full 0):
 PSYoungGen      total 57344K, used 49152K [0x00000007c0080000, 0x00000007c4080000, 0x0000000800000000)
  eden space 49152K, 100% used [0x00000007c0080000,0x00000007c3080000,0x00000007c3080000)
  from space 8192K, 0% used [0x00000007c3880000,0x00000007c3880000,0x00000007c4080000)
  to   space 8192K, 0% used [0x00000007c3080000,0x00000007c3080000,0x00000007c3880000)
 ParOldGen       total 130560K, used 0K [0x0000000740200000, 0x0000000748180000, 0x00000007c0080000)
  object space 130560K, 0% used [0x0000000740200000,0x0000000740200000,0x0000000748180000)
 PSPermGen       total 21504K, used 10074K [0x000000073b000000, 0x000000073c500000, 0x0000000740200000)
  object space 21504K, 46% used [0x000000073b000000,0x000000073b9d69e8,0x000000073c500000)
Event: 4.544 GC heap after
Heap after GC invocations=1 (full 0):
 PSYoungGen      total 57344K, used 1376K [0x00000007c0080000, 0x00000007c4080000, 0x0000000800000000)
  eden space 49152K, 0% used [0x00000007c0080000,0x00000007c0080000,0x00000007c3080000)
  from space 8192K, 16% used [0x00000007c3080000,0x00000007c31d8000,0x00000007c3880000)
  to   space 8192K, 0% used [0x00000007c3880000,0x00000007c3880000,0x00000007c4080000)
 ParOldGen       total 130560K, used 0K [0x0000000740200000, 0x0000000748180000, 0x00000007c0080000)
  object space 130560K, 0% used [0x0000000740200000,0x0000000740200000,0x0000000748180000)
 PSPermGen       total 21504K, used 10074K [0x000000073b000000, 0x000000073c500000, 0x0000000740200000)
  object space 21504K, 46% used [0x000000073b000000,0x000000073b9d69e8,0x000000073c500000)
}

Deoptimization events (0 events):
No events

Internal exceptions (10 events):
Event: 0.244 Thread 0x0000000002640800 Threw 0x00000007c0273f00 at C:\re\jdk7u45\229\hotspot\src\share\vm\prims\jvm.cpp:1244
Event: 0.244 Thread 0x0000000002640800 Threw 0x00000007c0275f40 at C:\re\jdk7u45\229\hotspot\src\share\vm\prims\jvm.cpp:1244
Event: 0.245 Thread 0x0000000002640800 Threw 0x00000007c0277b08 at C:\re\jdk7u45\229\hotspot\src\share\vm\prims\jvm.cpp:1244
Event: 0.280 Thread 0x0000000002640800 Threw 0x00000007c02b2438 at C:\re\jdk7u45\229\hotspot\src\share\vm\prims\jvm.cpp:1244
Event: 0.324 Thread 0x0000000002640800 Threw 0x00000007c0301260 at C:\re\jdk7u45\229\hotspot\src\share\vm\prims\jvm.cpp:1244
Event: 0.324 Thread 0x0000000002640800 Threw 0x00000007c0301388 at C:\re\jdk7u45\229\hotspot\src\share\vm\prims\jvm.cpp:1244
Event: 0.325 Thread 0x0000000002640800 Threw 0x00000007c0305100 at C:\re\jdk7u45\229\hotspot\src\share\vm\prims\jvm.cpp:1244
Event: 0.325 Thread 0x0000000002640800 Threw 0x00000007c0305228 at C:\re\jdk7u45\229\hotspot\src\share\vm\prims\jvm.cpp:1244
Event: 0.426 Thread 0x0000000002640800 Threw 0x00000007c0475898 at C:\re\jdk7u45\229\hotspot\src\share\vm\prims\jvm.cpp:1244
Event: 0.436 Thread 0x000000000f6d5000 Threw 0x00000007c0555de0 at C:\re\jdk7u45\229\hotspot\src\share\vm\prims\jvm.cpp:1244

Events (10 events):
Event: 4.437 Thread 0x000000000f7e1800 Thread added: 0x000000000f7e1800
Event: 4.537 Thread 0x000000000f7df000 Thread added: 0x000000000f7df000
Event: 4.537 Executing VM operation: ParallelGCFailedAllocation
Event: 4.544 Executing VM operation: ParallelGCFailedAllocation done
Event: 4.637 Thread 0x000000000f7e5000 Thread added: 0x000000000f7e5000
Event: 4.737 Thread 0x000000000f7e6000 Thread added: 0x000000000f7e6000
Event: 4.837 Thread 0x000000000f7e3800 Thread added: 0x000000000f7e3800
Event: 4.937 Thread 0x000000000f7e3000 Thread added: 0x000000000f7e3000
Event: 5.037 Thread 0x000000000f7e7800 Thread added: 0x000000000f7e7800
Event: 5.137 Thread 0x000000000f7e6800 Thread added: 0x000000000f7e6800


Dynamic libraries:
0x00007ff747d50000 - 0x00007ff747d83000 	C:\Program Files\Java\jdk1.7.0_45\bin\java.exe
0x00007ffe75920000 - 0x00007ffe75ac9000 	C:\WINDOWS\SYSTEM32\ntdll.dll
0x0000000058930000 - 0x000000005897e000 	C:\Program Files\AVAST Software\Avast\snxhk64.dll
0x00007ffe757c0000 - 0x00007ffe758f9000 	C:\WINDOWS\system32\KERNEL32.dll
0x00007ffe72e70000 - 0x00007ffe72f7e000 	C:\WINDOWS\system32\KERNELBASE.dll
0x00007ffe718d0000 - 0x00007ffe7195b000 	C:\WINDOWS\system32\apphelp.dll
0x00007ffe65ed0000 - 0x00007ffe65f1c000 	C:\WINDOWS\AppPatch\AppPatch64\AcGenral.DLL
0x00007ffe73730000 - 0x00007ffe737d7000 	C:\WINDOWS\system32\msvcrt.dll
0x00007ffe72a80000 - 0x00007ffe72aab000 	C:\WINDOWS\SYSTEM32\SspiCli.dll
0x00007ffe741e0000 - 0x00007ffe74231000 	C:\WINDOWS\system32\SHLWAPI.dll
0x00007ffe73af0000 - 0x00007ffe73c61000 	C:\WINDOWS\system32\USER32.dll
0x00007ffe731b0000 - 0x00007ffe73326000 	C:\WINDOWS\system32\ole32.dll
0x00007ffe742a0000 - 0x00007ffe756af000 	C:\WINDOWS\system32\SHELL32.dll
0x00007ffe72640000 - 0x00007ffe7265f000 	C:\WINDOWS\SYSTEM32\USERENV.dll
0x00007ffe73a30000 - 0x00007ffe73ad5000 	C:\WINDOWS\system32\ADVAPI32.dll
0x00007ffe69970000 - 0x00007ffe6998b000 	C:\WINDOWS\SYSTEM32\MPR.dll
0x00007ffe73330000 - 0x00007ffe73466000 	C:\WINDOWS\system32\RPCRT4.dll
0x00007ffe739d0000 - 0x00007ffe73a27000 	C:\WINDOWS\SYSTEM32\sechost.dll
0x00007ffe73fa0000 - 0x00007ffe74177000 	C:\WINDOWS\SYSTEM32\combase.dll
0x00007ffe73c70000 - 0x00007ffe73db5000 	C:\WINDOWS\system32\GDI32.dll
0x00007ffe72ca0000 - 0x00007ffe72cb4000 	C:\WINDOWS\SYSTEM32\profapi.dll
0x00007ffe71590000 - 0x00007ffe71631000 	C:\WINDOWS\SYSTEM32\SHCORE.dll
0x00007ffe73dc0000 - 0x00007ffe73df4000 	C:\WINDOWS\system32\IMM32.DLL
0x00007ffe73470000 - 0x00007ffe735a8000 	C:\WINDOWS\system32\MSCTF.dll
0x00007ffe70e90000 - 0x00007ffe710ea000 	C:\WINDOWS\WinSxS\amd64_microsoft.windows.common-controls_6595b64144ccf1df_6.0.9600.16384_none_62475f7becb72503\COMCTL32.dll
0x00000000571e0000 - 0x00000000572b2000 	C:\Program Files\Java\jdk1.7.0_45\jre\bin\msvcr100.dll
0x00000000572c0000 - 0x0000000057a89000 	C:\Program Files\Java\jdk1.7.0_45\jre\bin\server\jvm.dll
0x00007ffe5ec20000 - 0x00007ffe5ec29000 	C:\WINDOWS\SYSTEM32\WSOCK32.dll
0x00007ffe6a5f0000 - 0x00007ffe6a60f000 	C:\WINDOWS\SYSTEM32\WINMM.dll
0x00007ffe739c0000 - 0x00007ffe739c7000 	C:\WINDOWS\system32\PSAPI.DLL
0x00007ffe74180000 - 0x00007ffe741d8000 	C:\WINDOWS\system32\WS2_32.dll
0x00007ffe68ea0000 - 0x00007ffe68eca000 	C:\WINDOWS\SYSTEM32\WINMMBASE.dll
0x00007ffe73680000 - 0x00007ffe73689000 	C:\WINDOWS\system32\NSI.dll
0x00007ffe73160000 - 0x00007ffe731aa000 	C:\WINDOWS\SYSTEM32\cfgmgr32.dll
0x00007ffe71b50000 - 0x00007ffe71b76000 	C:\WINDOWS\SYSTEM32\DEVOBJ.dll
0x0000000057190000 - 0x000000005719f000 	C:\Program Files\Java\jdk1.7.0_45\jre\bin\verify.dll
0x0000000057160000 - 0x0000000057188000 	C:\Program Files\Java\jdk1.7.0_45\jre\bin\java.dll
0x0000000057140000 - 0x0000000057155000 	C:\Program Files\Java\jdk1.7.0_45\jre\bin\zip.dll
0x0000000056f60000 - 0x00000000570f5000 	C:\Program Files\Java\jdk1.7.0_45\jre\bin\awt.dll
0x00007ffe735c0000 - 0x00007ffe73677000 	C:\WINDOWS\system32\OLEAUT32.dll
0x00007ffe71380000 - 0x00007ffe713a1000 	C:\WINDOWS\system32\DWMAPI.DLL
0x00007ffe719b0000 - 0x00007ffe71ad2000 	C:\WINDOWS\system32\uxtheme.dll
0x00007ffe719a0000 - 0x00007ffe719aa000 	C:\WINDOWS\SYSTEM32\kernel.appcore.dll
0x00007ffe72b10000 - 0x00007ffe72b1a000 	C:\WINDOWS\SYSTEM32\CRYPTBASE.dll
0x00007ffe72ab0000 - 0x00007ffe72b0e000 	C:\WINDOWS\SYSTEM32\bcryptPrimitives.dll
0x00007ffe69760000 - 0x00007ffe6996a000 	C:\WINDOWS\system32\d3d9.dll
0x00007ffe70330000 - 0x00007ffe7033a000 	C:\WINDOWS\SYSTEM32\VERSION.dll
0x00007ffe70020000 - 0x00007ffe7015d000 	C:\WINDOWS\SYSTEM32\aticfx64.dll
0x00007ffe678a0000 - 0x00007ffe678c0000 	C:\WINDOWS\SYSTEM32\atiu9p64.dll
0x00007ffe5a520000 - 0x00007ffe5ac64000 	C:\WINDOWS\SYSTEM32\atiumd64.dll
0x0000000057b90000 - 0x0000000058263000 	C:\WINDOWS\SYSTEM32\atiumd6a.dll
0x0000000056f10000 - 0x0000000056f56000 	C:\Program Files\Java\jdk1.7.0_45\jre\bin\fontmanager.dll
0x00007ffe756b0000 - 0x00007ffe75754000 	C:\WINDOWS\SYSTEM32\clbcatq.dll
0x00007ffe70cf0000 - 0x00007ffe70e83000 	C:\WINDOWS\SYSTEM32\WindowsCodecs.dll
0x00007ffe72660000 - 0x00007ffe7267e000 	C:\WINDOWS\SYSTEM32\CRYPTSP.dll
0x00007ffe72130000 - 0x00007ffe72165000 	C:\WINDOWS\system32\rsaenh.dll
0x00007ffe72790000 - 0x00007ffe727b6000 	C:\WINDOWS\SYSTEM32\bcrypt.dll
0x0000000057120000 - 0x0000000057139000 	C:\Program Files\Java\jdk1.7.0_45\jre\bin\net.dll
0x00007ffe724d0000 - 0x00007ffe72528000 	C:\WINDOWS\system32\mswsock.dll
0x0000000057100000 - 0x0000000057111000 	C:\Program Files\Java\jdk1.7.0_45\jre\bin\nio.dll
0x0000000056ec0000 - 0x0000000056f01000 	C:\Program Files\Java\jdk1.7.0_45\jre\bin\t2k.dll
0x00007ffe6e700000 - 0x00007ffe6e729000 	C:\WINDOWS\SYSTEM32\IPHLPAPI.DLL
0x00007ffe6e6f0000 - 0x00007ffe6e6fa000 	C:\WINDOWS\SYSTEM32\WINNSI.DLL
0x00007ffe6df10000 - 0x00007ffe6df24000 	C:\WINDOWS\SYSTEM32\dhcpcsvc6.DLL
0x00007ffe6dd20000 - 0x00007ffe6dd39000 	C:\WINDOWS\SYSTEM32\dhcpcsvc.DLL
0x00007ffe6af40000 - 0x00007ffe6af54000 	C:\WINDOWS\system32\napinsp.dll
0x00007ffe6af60000 - 0x00007ffe6af79000 	C:\WINDOWS\system32\pnrpnsp.dll
0x00007ffe6fa70000 - 0x00007ffe6fa89000 	C:\WINDOWS\system32\NLAapi.dll
0x00007ffe72280000 - 0x00007ffe72323000 	C:\WINDOWS\SYSTEM32\DNSAPI.dll
0x00007ffe6b050000 - 0x00007ffe6b05c000 	C:\WINDOWS\System32\winrnr.dll
0x0000000058980000 - 0x00000000589a6000 	C:\Program Files\Bonjour\mdnsNSP.dll
0x00007ffe6b690000 - 0x00007ffe6b699000 	C:\Windows\System32\rasadhlp.dll
0x00007ffe6e350000 - 0x00007ffe6e3b7000 	C:\WINDOWS\System32\fwpuclnt.dll
0x00007ffe6f770000 - 0x00007ffe6f8f8000 	C:\WINDOWS\SYSTEM32\dbghelp.dll

VM Arguments:
jvm_args: -Dfile.encoding=UTF-8 
java_command: cyvis.CyVis
Launcher Type: SUN_STANDARD

Environment Variables:
PATH=C:\Program Files (x86)\NVIDIA Corporation\PhysX\Common;C:\Python33\;C:\WINDOWS\system32;C:\WINDOWS;C:\WINDOWS\System32\Wbem;C:\WINDOWS\System32\WindowsPowerShell\v1.0\;C:\Program Files (x86)\Windows Kits\8.1\Windows Performance Toolkit\;C:\Program Files\Microsoft SQL Server\110\Tools\Binn\;C:\Program Files (x86)\Microsoft SDKs\TypeScript\;C:\Program Files (x86)\ATI Technologies\ATI.ACE\Core-Static;C:\Program Files\Condusiv Technologies\ExpressCache\
USERNAME=HOME
OS=Windows_NT
PROCESSOR_IDENTIFIER=Intel64 Family 6 Model 26 Stepping 5, GenuineIntel



---------------  S Y S T E M  ---------------

OS: Windows 8 , 64 bit Build 9200 

CPU:total 8 (4 cores per cpu, 2 threads per core) family 6 model 26 stepping 5, cmov, cx8, fxsr, mmx, sse, sse2, sse3, ssse3, sse4.1, sse4.2, popcnt, ht, tsc, tscinvbit, tscinv

Memory: 4k page, physical 12573808k(5956020k free), swap 14474352k(6559924k free)

vm_info: Java HotSpot(TM) 64-Bit Server VM (24.45-b08) for windows-amd64 JRE (1.7.0_45-b18), built on Oct  8 2013 05:47:22 by "java_re" with unknown MS VC++:1600

time: Sun Oct 20 11:54:34 2013
elapsed time: 5 seconds

