#
# A fatal error has been detected by the Java Runtime Environment:
#
#  EXCEPTION_ACCESS_VIOLATION (0xc0000005) at pc=0x00007ff91524000a, pid=3824, tid=4360
#
# JRE version: Java(TM) SE Runtime Environment (7.0_45-b18) (build 1.7.0_45-b18)
# Java VM: Java HotSpot(TM) 64-Bit Server VM (24.45-b08 mixed mode windows-amd64 compressed oops)
# Problematic frame:
# 
[error occurred during error reporting (printing problematic frame), id 0xc0000005]

# Failed to write core dump. Minidumps are not enabled by default on client versions of Windows
#
# If you would like to submit a bug report, please visit:
#   http://bugreport.sun.com/bugreport/crash.jsp
#

---------------  T H R E A D  ---------------

Current thread (0x000000000f729800):  JavaThread "Thread-3" [_thread_in_vm, id=4360, stack(0x00000000150c0000,0x00000000151c0000)]

siginfo: ExceptionCode=0xc0000005, writing address 0x00007ff915242008

Registers:
RAX=0x000000000000000f, RBX=0x0000000000000000, RCX=0x00000000151bef50, RDX=0x00000000001f0003
RSP=0x00000000151bef18, RBP=0x0000000000000000, RSI=0x0000000000000000, RDI=0x00000000000000ff
R8 =0x0000000000000000, R9 =0x0000000000000001, R10=0x00007ff915241f94, R11=0x0000000000000028
R12=0x000000000f7b4000, R13=0x000000073b033560, R14=0x00000000151bf148, R15=0x000000000f729800
RIP=0x00007ff91524000a, EFLAGS=0x0000000000010212

Top of Stack: (sp=0x00000000151bef18)
0x00000000151bef18:   00007ff992701941 0000000000000180
0x00000000151bef28:   000000005af98d17 0000000000000001
0x00000000151bef38:   00000000151bf148 0000000000000100
0x00000000151bef48:   000000000f7be770 0000000000000000
0x00000000151bef58:   000000005a113905 0000000000000000
0x00000000151bef68:   0000000000000000 0000000000000078
0x00000000151bef78:   000000000f733fc0 0000000000000000
0x00000000151bef88:   000000005a113905 0000000000000000
0x00000000151bef98:   0000000000000000 0000000000000000
0x00000000151befa8:   0000000000000002 0000000000000000
0x00000000151befb8:   000000005a115d62 000000000f7be800
0x00000000151befc8:   000000000f7b4000 0000000000000000
0x00000000151befd8:   0000000000000180 0000000015a14e50
0x00000000151befe8:   000000005a11620a 0000000000000000
0x00000000151beff8:   0000000000000000 0000000000000000
0x00000000151bf008:   0000000000000078 0000000000000000 

Instructions: (pc=0x00007ff91524000a)
0x00007ff91523ffea:   
[error occurred during error reporting (printing registers, top of stack, instructions near pc), id 0xc0000005]

Register to memory mapping:

RAX=0x000000000000000f is an unknown value
RBX=0x0000000000000000 is an unknown value
RCX=0x00000000151bef50 is pointing into the stack for thread: 0x000000000f729800
RDX=0x00000000001f0003 is an unknown value
RSP=0x00000000151bef18 is pointing into the stack for thread: 0x000000000f729800
RBP=0x0000000000000000 is an unknown value
RSI=0x0000000000000000 is an unknown value
RDI=0x00000000000000ff is an unknown value
R8 =0x0000000000000000 is an unknown value
R9 =0x0000000000000001 is an unknown value
R10=0x00007ff915241f94 is an unknown value
R11=0x0000000000000028 is an unknown value
R12=0x000000000f7b4000 is an unknown value
R13=0x000000073b033560 is an oop
{method} 
 - klass: {other class}
R14=0x00000000151bf148 is pointing into the stack for thread: 0x000000000f729800
R15=0x000000000f729800 is a thread


Stack: [0x00000000150c0000,0x00000000151c0000],  sp=0x00000000151bef18,  free space=1019k
Native frames: (J=compiled Java code, j=interpreted, Vv=VM code, C=native code)

[error occurred during error reporting (printing native stack), id 0xc0000005]

Java frames: (J=compiled Java code, j=interpreted, Vv=VM code)
j  java.lang.Thread.start0()V+0
j  java.lang.Thread.start()V+26
j  cyvis.ScanNetworkForDevices.run()V+117
j  java.lang.Thread.run()V+11
v  ~StubRoutines::call_stub

---------------  P R O C E S S  ---------------

Java Threads: ( => current thread )
  0x000000000f7b5000 JavaThread "Thread-54" [_thread_in_native, id=7740, stack(0x0000000019400000,0x0000000019500000)]
  0x000000000f7b0800 JavaThread "Thread-53" [_thread_in_native, id=8820, stack(0x0000000019300000,0x0000000019400000)]
  0x000000000f7b2800 JavaThread "Thread-52" [_thread_in_native, id=7700, stack(0x0000000019200000,0x0000000019300000)]
  0x000000000f7b1000 JavaThread "Thread-51" [_thread_in_native, id=8708, stack(0x0000000019100000,0x0000000019200000)]
  0x000000000f7b3800 JavaThread "Thread-50" [_thread_in_native, id=2544, stack(0x0000000019000000,0x0000000019100000)]
  0x000000000f7ac800 JavaThread "Thread-49" [_thread_in_native, id=8760, stack(0x0000000018f00000,0x0000000019000000)]
  0x000000000f7af800 JavaThread "Thread-48" [_thread_in_native, id=5224, stack(0x0000000018e00000,0x0000000018f00000)]
  0x000000000f7af000 JavaThread "Thread-47" [_thread_in_native, id=8020, stack(0x0000000018d00000,0x0000000018e00000)]
  0x000000000f7ae000 JavaThread "Thread-46" [_thread_in_native, id=5232, stack(0x0000000018c00000,0x0000000018d00000)]
  0x000000000f7ac000 JavaThread "Thread-45" [_thread_in_native, id=8780, stack(0x0000000018b00000,0x0000000018c00000)]
  0x000000000f7ad800 JavaThread "Thread-44" [_thread_in_native, id=8220, stack(0x0000000018a00000,0x0000000018b00000)]
  0x000000000f7a8000 JavaThread "Thread-43" [_thread_in_native, id=1136, stack(0x0000000018900000,0x0000000018a00000)]
  0x000000000f7ab000 JavaThread "Thread-42" [_thread_in_native, id=1632, stack(0x0000000018800000,0x0000000018900000)]
  0x000000000f7a7800 JavaThread "Thread-41" [_thread_in_native, id=8520, stack(0x0000000018700000,0x0000000018800000)]
  0x000000000f7aa800 JavaThread "Thread-40" [_thread_in_native, id=6068, stack(0x0000000018600000,0x0000000018700000)]
  0x000000000f7a9800 JavaThread "Thread-39" [_thread_in_native, id=8660, stack(0x0000000018500000,0x0000000018600000)]
  0x000000000f7a9000 JavaThread "Thread-38" [_thread_in_native, id=2516, stack(0x0000000018000000,0x0000000018100000)]
  0x000000000f7f5800 JavaThread "Thread-37" [_thread_in_native, id=1404, stack(0x0000000017f00000,0x0000000018000000)]
  0x000000000f7f1800 JavaThread "Thread-36" [_thread_in_native, id=8468, stack(0x0000000017e00000,0x0000000017f00000)]
  0x000000000f7f4800 JavaThread "Thread-35" [_thread_in_native, id=2916, stack(0x0000000017c00000,0x0000000017d00000)]
  0x000000000f7f4000 JavaThread "Thread-34" [_thread_in_native, id=6804, stack(0x0000000017b00000,0x0000000017c00000)]
  0x000000000f7f3000 JavaThread "Thread-33" [_thread_in_native, id=3676, stack(0x0000000017a00000,0x0000000017b00000)]
  0x000000000f7ef800 JavaThread "Thread-32" [_thread_in_native, id=4912, stack(0x0000000017900000,0x0000000017a00000)]
  0x000000000f7f2800 JavaThread "Thread-31" [_thread_in_native, id=2776, stack(0x0000000017800000,0x0000000017900000)]
  0x000000000f7ee800 JavaThread "Thread-30" [_thread_in_native, id=7988, stack(0x0000000017700000,0x0000000017800000)]
  0x000000000f7ee000 JavaThread "Thread-29" [_thread_in_native, id=8912, stack(0x0000000017600000,0x0000000017700000)]
  0x000000000f7f0000 JavaThread "Thread-28" [_thread_in_native, id=1708, stack(0x0000000017500000,0x0000000017600000)]
  0x000000000f7f1000 JavaThread "Thread-27" [_thread_in_native, id=1196, stack(0x0000000017400000,0x0000000017500000)]
  0x000000000f7ed000 JavaThread "Thread-26" [_thread_in_native, id=6116, stack(0x0000000017300000,0x0000000017400000)]
  0x000000000f7e9800 JavaThread "Thread-25" [_thread_in_native, id=4760, stack(0x0000000017100000,0x0000000017200000)]
  0x000000000f7ec800 JavaThread "TimerQueue" daemon [_thread_blocked, id=4684, stack(0x0000000017000000,0x0000000017100000)]
  0x000000000f7eb800 JavaThread "Thread-24" [_thread_in_native, id=1360, stack(0x0000000016f00000,0x0000000017000000)]
  0x000000000f7e8000 JavaThread "Thread-23" [_thread_in_native, id=5952, stack(0x0000000016e00000,0x0000000016f00000)]
  0x000000000f7eb000 JavaThread "Thread-22" [_thread_in_native, id=1452, stack(0x0000000016d00000,0x0000000016e00000)]
  0x000000000f7e7000 JavaThread "Thread-21" [_thread_in_native, id=7464, stack(0x0000000016c00000,0x0000000016d00000)]
  0x000000000f7e8800 JavaThread "Thread-20" [_thread_in_native, id=220, stack(0x0000000016b00000,0x0000000016c00000)]
  0x000000000f7ea000 JavaThread "Thread-19" [_thread_in_native, id=4180, stack(0x0000000016a00000,0x0000000016b00000)]
  0x000000000f7e6800 JavaThread "Thread-18" [_thread_in_native, id=8988, stack(0x0000000016900000,0x0000000016a00000)]
  0x000000000f73b800 JavaThread "Thread-17" [_thread_in_native, id=8292, stack(0x0000000016800000,0x0000000016900000)]
  0x000000000f73e800 JavaThread "Thread-16" [_thread_in_native, id=9000, stack(0x0000000016700000,0x0000000016800000)]
  0x000000000f73d800 JavaThread "Thread-15" [_thread_in_native, id=5996, stack(0x0000000016600000,0x0000000016700000)]
  0x000000000f73d000 JavaThread "Thread-14" [_thread_in_native, id=8012, stack(0x0000000016500000,0x0000000016600000)]
  0x000000000f739000 JavaThread "Thread-13" [_thread_in_native, id=8804, stack(0x0000000016400000,0x0000000016500000)]
  0x000000000f73a000 JavaThread "Thread-12" [_thread_in_native, id=4272, stack(0x0000000016300000,0x0000000016400000)]
  0x000000000f73c000 JavaThread "Thread-11" [_thread_in_native, id=7208, stack(0x0000000016200000,0x0000000016300000)]
  0x000000000f737800 JavaThread "Thread-10" [_thread_in_native, id=5476, stack(0x0000000015810000,0x0000000015910000)]
  0x000000000f73a800 JavaThread "Thread-9" [_thread_in_native, id=8268, stack(0x00000000153c0000,0x00000000154c0000)]
  0x000000000f738800 JavaThread "Thread-8" [_thread_in_native, id=3680, stack(0x0000000015700000,0x0000000015800000)]
  0x000000000f733000 JavaThread "Thread-7" [_thread_in_native, id=8800, stack(0x00000000155c0000,0x00000000156c0000)]
  0x000000000f72c000 JavaThread "Thread-6" [_thread_in_native, id=8768, stack(0x00000000154c0000,0x00000000155c0000)]
  0x000000000f70a800 JavaThread "Thread-4" [_thread_in_native, id=8472, stack(0x00000000151c0000,0x00000000152c0000)]
=>0x000000000f729800 JavaThread "Thread-3" [_thread_in_vm, id=4360, stack(0x00000000150c0000,0x00000000151c0000)]
  0x000000000f728800 JavaThread "D3D Screen Updater" daemon [_thread_blocked, id=8460, stack(0x0000000014b30000,0x0000000014c30000)]
  0x00000000026a0800 JavaThread "DestroyJavaVM" [_thread_blocked, id=7640, stack(0x00000000025a0000,0x00000000026a0000)]
  0x000000000f6fc000 JavaThread "Thread-2" [_thread_blocked, id=8592, stack(0x0000000014930000,0x0000000014a30000)]
  0x000000000f5ad800 JavaThread "AWT-EventQueue-0" [_thread_blocked, id=5220, stack(0x0000000014150000,0x0000000014250000)]
  0x000000000f4a6000 JavaThread "AWT-Windows" daemon [_thread_in_native, id=4312, stack(0x0000000010580000,0x0000000010680000)]
  0x000000000f4a5800 JavaThread "AWT-Shutdown" [_thread_blocked, id=7760, stack(0x0000000010480000,0x0000000010580000)]
  0x000000000f48d800 JavaThread "Java2D Disposer" daemon [_thread_blocked, id=8388, stack(0x0000000010380000,0x0000000010480000)]
  0x000000000279b000 JavaThread "Service Thread" daemon [_thread_blocked, id=172, stack(0x000000000fc30000,0x000000000fd30000)]
  0x0000000002797800 JavaThread "C2 CompilerThread1" daemon [_thread_blocked, id=8260, stack(0x000000000fb30000,0x000000000fc30000)]
  0x000000000278d800 JavaThread "C2 CompilerThread0" daemon [_thread_blocked, id=6672, stack(0x000000000fa30000,0x000000000fb30000)]
  0x000000000278c000 JavaThread "Attach Listener" daemon [_thread_blocked, id=8412, stack(0x000000000f930000,0x000000000fa30000)]
  0x000000000f451800 JavaThread "Signal Dispatcher" daemon [_thread_blocked, id=8420, stack(0x000000000f830000,0x000000000f930000)]
  0x000000000d470000 JavaThread "Finalizer" daemon [_thread_blocked, id=4636, stack(0x000000000f330000,0x000000000f430000)]
  0x000000000d467800 JavaThread "Reference Handler" daemon [_thread_blocked, id=1884, stack(0x000000000f230000,0x000000000f330000)]

Other Threads:
  0x000000000d465800 VMThread [stack: 0x000000000f130000,0x000000000f230000] [id=8332]
  0x000000000f462800 WatcherThread [stack: 0x000000000fd30000,0x000000000fe30000] [id=8432]

VM state:not at safepoint (normal execution)

VM Mutex/Monitor currently owned by a thread:  ([mutex/lock_event])
[0x000000000259c610] Threads_lock - owner thread: 0x000000000f729800

Heap
 PSYoungGen      total 57344K, used 9720K [0x00000007c0080000, 0x00000007c4080000, 0x0000000800000000)
  eden space 49152K, 16% used [0x00000007c0080000,0x00000007c089e390,0x00000007c3080000)
  from space 8192K, 17% used [0x00000007c3080000,0x00000007c31e0000,0x00000007c3880000)
  to   space 8192K, 0% used [0x00000007c3880000,0x00000007c3880000,0x00000007c4080000)
 ParOldGen       total 130560K, used 0K [0x0000000740200000, 0x0000000748180000, 0x00000007c0080000)
  object space 130560K, 0% used [0x0000000740200000,0x0000000740200000,0x0000000748180000)
 PSPermGen       total 21504K, used 10314K [0x000000073b000000, 0x000000073c500000, 0x0000000740200000)
  object space 21504K, 47% used [0x000000073b000000,0x000000073ba12a10,0x000000073c500000)

Card table byte_map: [0x00000000057a0000,0x0000000005dd0000] byte_map_base: 0x0000000001dc8000

Polling page: 0x0000000000ba0000

Code Cache  [0x00000000027a0000, 0x0000000002a10000, 0x00000000057a0000)
 total_blobs=423 nmethods=12 adapters=364 free_code_cache=48629Kb largest_free_block=49782976

Compilation events (10 events):
Event: 0.388 Thread 0x000000000278d800    7             java.nio.HeapByteBuffer::_get (7 bytes)
Event: 0.389 Thread 0x000000000278d800 nmethod 7 0x000000000281ded0 code [0x000000000281e000, 0x000000000281e098]
Event: 0.504 Thread 0x0000000002797800    9             java.util.regex.Matcher::reset (83 bytes)
Event: 0.506 Thread 0x0000000002797800 nmethod 9 0x0000000002821710 code [0x0000000002821860, 0x00000000028219b8]
Event: 0.507 Thread 0x000000000278d800   10             java.util.HashMap::indexFor (6 bytes)
Event: 0.507 Thread 0x000000000278d800 nmethod 10 0x0000000002802ad0 code [0x0000000002802c00, 0x0000000002802c38]
Event: 2.110 Thread 0x0000000002797800   11             java.util.Properties$LineReader::readLine (452 bytes)
Event: 2.121 Thread 0x0000000002797800 nmethod 11 0x0000000002824f50 code [0x00000000028250e0, 0x0000000002825918]
Event: 2.502 Thread 0x000000000278d800   12             java.util.HashMap::hash (55 bytes)
Event: 2.503 Thread 0x000000000278d800 nmethod 12 0x0000000002821e50 code [0x0000000002821fa0, 0x00000000028220e8]

GC Heap History (2 events):
Event: 3.215 GC heap before
{Heap before GC invocations=1 (full 0):
 PSYoungGen      total 57344K, used 49152K [0x00000007c0080000, 0x00000007c4080000, 0x0000000800000000)
  eden space 49152K, 100% used [0x00000007c0080000,0x00000007c3080000,0x00000007c3080000)
  from space 8192K, 0% used [0x00000007c3880000,0x00000007c3880000,0x00000007c4080000)
  to   space 8192K, 0% used [0x00000007c3080000,0x00000007c3080000,0x00000007c3880000)
 ParOldGen       total 130560K, used 0K [0x0000000740200000, 0x0000000748180000, 0x00000007c0080000)
  object space 130560K, 0% used [0x0000000740200000,0x0000000740200000,0x0000000748180000)
 PSPermGen       total 21504K, used 10312K [0x000000073b000000, 0x000000073c500000, 0x0000000740200000)
  object space 21504K, 47% used [0x000000073b000000,0x000000073ba12230,0x000000073c500000)
Event: 3.223 GC heap after
Heap after GC invocations=1 (full 0):
 PSYoungGen      total 57344K, used 1408K [0x00000007c0080000, 0x00000007c4080000, 0x0000000800000000)
  eden space 49152K, 0% used [0x00000007c0080000,0x00000007c0080000,0x00000007c3080000)
  from space 8192K, 17% used [0x00000007c3080000,0x00000007c31e0000,0x00000007c3880000)
  to   space 8192K, 0% used [0x00000007c3880000,0x00000007c3880000,0x00000007c4080000)
 ParOldGen       total 130560K, used 0K [0x0000000740200000, 0x0000000748180000, 0x00000007c0080000)
  object space 130560K, 0% used [0x0000000740200000,0x0000000740200000,0x0000000748180000)
 PSPermGen       total 21504K, used 10312K [0x000000073b000000, 0x000000073c500000, 0x0000000740200000)
  object space 21504K, 47% used [0x000000073b000000,0x000000073ba12230,0x000000073c500000)
}

Deoptimization events (0 events):
No events

Internal exceptions (10 events):
Event: 0.316 Thread 0x00000000026a0800 Threw 0x00000007c02cb8c8 at C:\re\jdk7u45\229\hotspot\src\share\vm\prims\jvm.cpp:1244
Event: 0.319 Thread 0x00000000026a0800 Threw 0x00000007c02cf1a0 at C:\re\jdk7u45\229\hotspot\src\share\vm\prims\jvm.cpp:1244
Event: 0.319 Thread 0x00000000026a0800 Threw 0x00000007c02d0ee8 at C:\re\jdk7u45\229\hotspot\src\share\vm\prims\jvm.cpp:1244
Event: 0.360 Thread 0x00000000026a0800 Threw 0x00000007c031ebb0 at C:\re\jdk7u45\229\hotspot\src\share\vm\prims\jvm.cpp:1244
Event: 0.360 Thread 0x00000000026a0800 Threw 0x00000007c031ecd8 at C:\re\jdk7u45\229\hotspot\src\share\vm\prims\jvm.cpp:1244
Event: 0.361 Thread 0x00000000026a0800 Threw 0x00000007c0322a50 at C:\re\jdk7u45\229\hotspot\src\share\vm\prims\jvm.cpp:1244
Event: 0.361 Thread 0x00000000026a0800 Threw 0x00000007c0322b78 at C:\re\jdk7u45\229\hotspot\src\share\vm\prims\jvm.cpp:1244
Event: 0.505 Thread 0x00000000026a0800 Threw 0x00000007c04c2750 at C:\re\jdk7u45\229\hotspot\src\share\vm\prims\jvm.cpp:1244
Event: 1.976 Thread 0x000000000f5ad800 Threw 0x00000007c0391e38 at C:\re\jdk7u45\229\hotspot\src\share\vm\prims\jvm.cpp:1244
Event: 1.978 Thread 0x000000000f729800 Threw 0x00000007c082ec68 at C:\re\jdk7u45\229\hotspot\src\share\vm\prims\jvm.cpp:1244

Events (10 events):
Event: 3.275 Thread 0x000000000f7af000 Thread added: 0x000000000f7af000
Event: 3.305 Thread 0x000000000f7af800 Thread added: 0x000000000f7af800
Event: 3.335 Thread 0x000000000f7ac800 Thread added: 0x000000000f7ac800
Event: 3.365 Thread 0x000000000f7b3800 Thread added: 0x000000000f7b3800
Event: 3.373 loading class 0x000000000f572ae0
Event: 3.373 loading class 0x000000000f572ae0 done
Event: 3.395 Thread 0x000000000f7b1000 Thread added: 0x000000000f7b1000
Event: 3.425 Thread 0x000000000f7b2800 Thread added: 0x000000000f7b2800
Event: 3.455 Thread 0x000000000f7b0800 Thread added: 0x000000000f7b0800
Event: 3.485 Thread 0x000000000f7b5000 Thread added: 0x000000000f7b5000


Dynamic libraries:

[error occurred during error reporting (printing dynamic libraries), id 0xc0000005]

VM Arguments:
jvm_args: -Dfile.encoding=UTF-8 
java_command: cyvis.CyVis
Launcher Type: SUN_STANDARD

Environment Variables:
PATH=C:\Program Files (x86)\NVIDIA Corporation\PhysX\Common;C:\Python33\;C:\WINDOWS\system32;C:\WINDOWS;C:\WINDOWS\System32\Wbem;C:\WINDOWS\System32\WindowsPowerShell\v1.0\;C:\Program Files (x86)\Windows Kits\8.1\Windows Performance Toolkit\;C:\Program Files\Microsoft SQL Server\110\Tools\Binn\;C:\Program Files (x86)\Microsoft SDKs\TypeScript\;C:\Program Files (x86)\ATI Technologies\ATI.ACE\Core-Static;C:\Program Files\Condusiv Technologies\ExpressCache\;C:\Program Files\WIDCOMM\Bluetooth Software\;C:\Program Files\WIDCOMM\Bluetooth Software\syswow64;C:\Program Files\Microsoft\Web Platform Installer\;C:\Program Files (x86)\nodejs\;C:\Program Files\OpenVPN\bin;C:\Program Files (x86)\Windows Live\Shared;C:\Users\HOME\AppData\Roaming\npm;C:\Program Files (x86)\Nmap
USERNAME=HOME
OS=Windows_NT
PROCESSOR_IDENTIFIER=Intel64 Family 6 Model 26 Stepping 5, GenuineIntel



---------------  S Y S T E M  ---------------

OS: Windows 8 , 64 bit Build 9200 

CPU:total 8 (4 cores per cpu, 2 threads per core) family 6 model 26 stepping 5, cmov, cx8, fxsr, mmx, sse, sse2, sse3, ssse3, sse4.1, sse4.2, popcnt, ht, tsc, tscinvbit, tscinv

Memory: 4k page, physical 12573808k(7894044k free), swap 25156720k(19625448k free)

vm_info: Java HotSpot(TM) 64-Bit Server VM (24.45-b08) for windows-amd64 JRE (1.7.0_45-b18), built on Oct  8 2013 05:47:22 by "java_re" with unknown MS VC++:1600

time: Sat Nov 30 16:52:02 2013
elapsed time: 3 seconds

