#
# A fatal error has been detected by the Java Runtime Environment:
#
#  EXCEPTION_ACCESS_VIOLATION (0xc0000005) at pc=0x00007ff810b2000a, pid=8676, tid=8728
#
# JRE version: Java(TM) SE Runtime Environment (7.0_45-b18) (build 1.7.0_45-b18)
# Java VM: Java HotSpot(TM) 64-Bit Server VM (24.45-b08 mixed mode windows-amd64 compressed oops)
# Problematic frame:
# C  0x00007ff810b2000a
#
# Failed to write core dump. Minidumps are not enabled by default on client versions of Windows
#
# If you would like to submit a bug report, please visit:
#   http://bugreport.sun.com/bugreport/crash.jsp
# The crash happened outside the Java Virtual Machine in native code.
# See problematic frame for where to report the bug.
#

---------------  T H R E A D  ---------------

Current thread (0x0000000015bbf800):  JavaThread "Thread-147" [_thread_in_native, id=8728, stack(0x0000000014f10000,0x0000000015010000)]

siginfo: ExceptionCode=0xc0000005, writing address 0x00007ff810b22008

Registers:
RAX=0x0000000000000028, RBX=0x0000000000001190, RCX=0x0000000000001190, RDX=0x0000000000000004
RSP=0x000000001500ee88, RBP=0x0000000000000001, RSI=0x0000000000000000, RDI=0x0000000000001190
R8 =0x000000001500eed0, R9 =0x0000000000000002, R10=0x00007ff810b21f94, R11=0x000000001500ee40
R12=0x0000000000000000, R13=0x000000001500ef90, R14=0x000000001500ef60, R15=0x0000000015bbf800
RIP=0x00007ff810b2000a, EFLAGS=0x0000000000010212

Top of Stack: (sp=0x000000001500ee88)
0x000000001500ee88:   00007ff88dde17f1 0000000700000004
0x000000001500ee98:   000000001500eea0 0000000700000000
0x000000001500eea8:   000000001230fd30 0000000000000000
0x000000001500eeb8:   0000000015bbf9e8 0000000000001190
0x000000001500eec8:   000000005945814d 000000073ba38d08
0x000000001500eed8:   000000073ba38d08 000000001500ef70
0x000000001500eee8:   0000000015bbf9e8 0000000000000004
0x000000001500eef8:   0000000000000000 000000073b9537a8
0x000000001500ef08:   000000000237bf22 000000073ba38d08
0x000000001500ef18:   00000000e761e45f 0000001400000000
0x000000001500ef28:   00000000022d60f8 00000007c1133788
0x000000001500ef38:   000000001500ef38 000000073b0f12e9
0x000000001500ef48:   000000001500ef88 000000073b0f2550
0x000000001500ef58:   000000073ba634c8 00000007c38b0728
0x000000001500ef68:   0000000000000000 000000001500efe0
0x000000001500ef78:   00000000022d6274 00000000022d60f8 

Instructions: (pc=0x00007ff810b2000a)
0x00007ff810b1ffea:   
[error occurred during error reporting (printing registers, top of stack, instructions near pc), id 0xc0000005]

Register to memory mapping:

RAX=0x0000000000000028 is an unknown value
RBX=0x0000000000001190 is an unknown value
RCX=0x0000000000001190 is an unknown value
RDX=0x0000000000000004 is an unknown value
RSP=0x000000001500ee88 is pointing into the stack for thread: 0x0000000015bbf800
RBP=0x0000000000000001 is an unknown value
RSI=0x0000000000000000 is an unknown value
RDI=0x0000000000001190 is an unknown value
R8 =0x000000001500eed0 is pointing into the stack for thread: 0x0000000015bbf800
R9 =0x0000000000000002 is an unknown value
R10=0x00007ff810b21f94 is an unknown value
R11=0x000000001500ee40 is pointing into the stack for thread: 0x0000000015bbf800
R12=0x0000000000000000 is an unknown value
R13=0x000000001500ef90 is pointing into the stack for thread: 0x0000000015bbf800
R14=0x000000001500ef60 is pointing into the stack for thread: 0x0000000015bbf800
R15=0x0000000015bbf800 is a thread


Stack: [0x0000000014f10000,0x0000000015010000],  sp=0x000000001500ee88,  free space=1019k
Native frames: (J=compiled Java code, j=interpreted, Vv=VM code, C=native code)
C  0x00007ff810b2000a

Java frames: (J=compiled Java code, j=interpreted, Vv=VM code)
J  java.net.DualStackPlainSocketImpl.socket0(ZZ)I
j  java.net.DualStackPlainSocketImpl.socketCreate(Z)V+19
j  java.net.AbstractPlainSocketImpl.create(Z)V+55
j  java.net.PlainSocketImpl.create(Z)V+5
j  java.net.Socket.createImpl(Z)V+16
j  java.net.Socket.connect(Ljava/net/SocketAddress;I)V+163
j  cyvis.ScanNetworkForDevices$checkAddress$PortScanner.run()V+44
j  java.lang.Thread.run()V+11
v  ~StubRoutines::call_stub

---------------  P R O C E S S  ---------------

Java Threads: ( => current thread )
  0x0000000015b1e000 JavaThread "Thread-346" [_thread_in_native, id=8528, stack(0x0000000016bf0000,0x0000000016cf0000)]
  0x0000000015b1a000 JavaThread "Thread-345" [_thread_in_native, id=8016, stack(0x0000000016ff0000,0x00000000170f0000)]
  0x0000000015b16800 JavaThread "Thread-344" [_thread_in_native, id=564, stack(0x0000000016ef0000,0x0000000016ff0000)]
  0x0000000015b19800 JavaThread "Thread-343" [_thread_in_native, id=7220, stack(0x00000000162f0000,0x00000000163f0000)]
  0x0000000015b18000 JavaThread "Thread-342" [_thread_in_native, id=4500, stack(0x0000000016df0000,0x0000000016ef0000)]
  0x0000000015b17000 JavaThread "Thread-341" [_thread_in_native, id=912, stack(0x00000000166f0000,0x00000000167f0000)]
  0x0000000015b15800 JavaThread "Thread-340" [_thread_in_native, id=7412, stack(0x0000000016cf0000,0x0000000016df0000)]
  0x0000000015b18800 JavaThread "Thread-339" [_thread_in_native, id=8316, stack(0x0000000016af0000,0x0000000016bf0000)]
  0x0000000015b15000 JavaThread "Thread-338" [_thread_in_native, id=5020, stack(0x00000000169f0000,0x0000000016af0000)]
  0x0000000015b11000 JavaThread "Thread-337" [_thread_in_native, id=7076, stack(0x00000000168f0000,0x00000000169f0000)]
  0x0000000015b14000 JavaThread "Thread-336" [_thread_in_native, id=7864, stack(0x00000000167f0000,0x00000000168f0000)]
  0x0000000015b13800 JavaThread "Thread-335" [_thread_in_native, id=4612, stack(0x0000000014290000,0x0000000014390000)]
  0x0000000015b12800 JavaThread "Thread-334" [_thread_in_native, id=6756, stack(0x00000000165f0000,0x00000000166f0000)]
  0x0000000015b12000 JavaThread "Thread-333" [_thread_in_native, id=8652, stack(0x00000000164f0000,0x00000000165f0000)]
  0x000000000f44a000 JavaThread "Thread-332" [_thread_in_native, id=4032, stack(0x00000000163f0000,0x00000000164f0000)]
  0x000000000f449000 JavaThread "Thread-331" [_thread_in_native, id=3296, stack(0x00000000138c0000,0x00000000139c0000)]
  0x000000000f448800 JavaThread "Thread-330" [_thread_in_native, id=9176, stack(0x00000000132c0000,0x00000000133c0000)]
  0x000000000f444800 JavaThread "Thread-329" [_thread_in_native, id=6372, stack(0x0000000013ac0000,0x0000000013bc0000)]
  0x000000000f447800 JavaThread "Thread-328" [_thread_in_native, id=6272, stack(0x00000000130c0000,0x00000000131c0000)]
  0x000000000f447000 JavaThread "Thread-327" [_thread_in_native, id=8752, stack(0x0000000012dc0000,0x0000000012ec0000)]
  0x000000000f443000 JavaThread "Thread-326" [_thread_in_native, id=4428, stack(0x00000000133c0000,0x00000000134c0000)]
  0x000000000f446000 JavaThread "Thread-325" [_thread_in_native, id=7496, stack(0x00000000139c0000,0x0000000013ac0000)]
  0x000000000f444000 JavaThread "Thread-324" [_thread_in_native, id=3864, stack(0x00000000137c0000,0x00000000138c0000)]
  0x000000000f445800 JavaThread "Thread-323" [_thread_in_native, id=8988, stack(0x00000000136c0000,0x00000000137c0000)]
  0x0000000015bcd000 JavaThread "Thread-322" [_thread_in_native, id=4004, stack(0x00000000135c0000,0x00000000136c0000)]
  0x0000000015bcb800 JavaThread "Thread-321" [_thread_in_native, id=6844, stack(0x0000000012ec0000,0x0000000012fc0000)]
  0x0000000015bcd800 JavaThread "Thread-320" [_thread_in_native, id=6972, stack(0x00000000134c0000,0x00000000135c0000)]
  0x0000000015bcc000 JavaThread "Thread-319" [_thread_in_native, id=8552, stack(0x0000000017b30000,0x0000000017c30000)]
  0x0000000015bc9000 JavaThread "Thread-318" [_thread_in_native, id=7328, stack(0x0000000017a30000,0x0000000017b30000)]
  0x0000000015bc8800 JavaThread "Thread-317" [_thread_in_native, id=6204, stack(0x00000000131c0000,0x00000000132c0000)]
  0x0000000015bca800 JavaThread "Thread-316" [_thread_in_native, id=6384, stack(0x0000000017730000,0x0000000017830000)]
  0x0000000015bca000 JavaThread "Thread-315" [_thread_in_native, id=7256, stack(0x0000000012fc0000,0x00000000130c0000)]
  0x0000000015bc4800 JavaThread "Thread-314" [_thread_in_native, id=3936, stack(0x0000000017430000,0x0000000017530000)]
  0x0000000015bc7800 JavaThread "Thread-313" [_thread_in_native, id=2788, stack(0x0000000018930000,0x0000000018a30000)]
  0x0000000015bc6000 JavaThread "Thread-312" [_thread_in_native, id=8936, stack(0x0000000017630000,0x0000000017730000)]
  0x0000000015bc7000 JavaThread "Thread-311" [_thread_in_native, id=7268, stack(0x0000000017830000,0x0000000017930000)]
  0x0000000015bc5800 JavaThread "Thread-310" [_thread_in_native, id=7912, stack(0x0000000017930000,0x0000000017a30000)]
  0x0000000015bc4000 JavaThread "Thread-309" [_thread_in_native, id=6940, stack(0x0000000018830000,0x0000000018930000)]
  0x0000000015bc0000 JavaThread "Thread-308" [_thread_in_native, id=5448, stack(0x0000000018730000,0x0000000018830000)]
  0x0000000015bc3000 JavaThread "Thread-307" [_thread_in_native, id=7424, stack(0x0000000018630000,0x0000000018730000)]
  0x0000000015bc1000 JavaThread "Thread-306" [_thread_in_native, id=8568, stack(0x0000000018130000,0x0000000018230000)]
  0x0000000015bc2800 JavaThread "Thread-305" [_thread_in_native, id=9064, stack(0x0000000017f30000,0x0000000018030000)]
  0x0000000015bbe800 JavaThread "Thread-304" [_thread_in_native, id=188, stack(0x0000000017e30000,0x0000000017f30000)]
  0x0000000015bc1800 JavaThread "Thread-303" [_thread_in_native, id=8280, stack(0x00000000170f0000,0x00000000171f0000)]
  0x0000000015b20800 JavaThread "Thread-302" [_thread_in_native, id=7908, stack(0x0000000017d30000,0x0000000017e30000)]
  0x0000000015b1c800 JavaThread "Thread-301" [_thread_in_native, id=6860, stack(0x0000000017c30000,0x0000000017d30000)]
  0x0000000015b1d800 JavaThread "Thread-300" [_thread_in_native, id=6552, stack(0x0000000017330000,0x0000000017430000)]
=>0x0000000015bbf800 JavaThread "Thread-147" [_thread_in_native, id=8728, stack(0x0000000014f10000,0x0000000015010000)]
  0x000000000f3dc800 JavaThread "Thread-5" [_thread_in_native, id=4808, stack(0x0000000015950000,0x0000000015a50000)]
  0x000000000f364800 JavaThread "Thread-3" [_thread_blocked, id=612, stack(0x0000000014e10000,0x0000000014f10000)]
  0x000000000f364000 JavaThread "TimerQueue" daemon [_thread_blocked, id=6984, stack(0x0000000014d10000,0x0000000014e10000)]
  0x000000000f363000 JavaThread "D3D Screen Updater" daemon [_thread_blocked, id=8464, stack(0x0000000014790000,0x0000000014890000)]
  0x00000000021d0800 JavaThread "DestroyJavaVM" [_thread_blocked, id=6236, stack(0x0000000002090000,0x0000000002190000)]
  0x000000000f35d800 JavaThread "Thread-2" [_thread_blocked, id=7384, stack(0x0000000014590000,0x0000000014690000)]
  0x000000000f20e800 JavaThread "AWT-EventQueue-0" [_thread_blocked, id=7072, stack(0x0000000013ca0000,0x0000000013da0000)]
  0x000000000f10a000 JavaThread "AWT-Windows" daemon [_thread_in_native, id=8236, stack(0x0000000010240000,0x0000000010340000)]
  0x00000000022cd800 JavaThread "AWT-Shutdown" [_thread_blocked, id=8984, stack(0x0000000010140000,0x0000000010240000)]
  0x00000000022cd000 JavaThread "Java2D Disposer" daemon [_thread_blocked, id=7492, stack(0x0000000010040000,0x0000000010140000)]
  0x00000000022c5000 JavaThread "Service Thread" daemon [_thread_blocked, id=4748, stack(0x000000000f890000,0x000000000f990000)]
  0x000000000f0b0800 JavaThread "C2 CompilerThread1" daemon [_thread_blocked, id=4240, stack(0x000000000f790000,0x000000000f890000)]
  0x00000000022bf000 JavaThread "C2 CompilerThread0" daemon [_thread_blocked, id=1572, stack(0x000000000f690000,0x000000000f790000)]
  0x00000000022be800 JavaThread "Attach Listener" daemon [_thread_blocked, id=2304, stack(0x000000000f590000,0x000000000f690000)]
  0x000000000d0ae800 JavaThread "Signal Dispatcher" daemon [_thread_blocked, id=5748, stack(0x000000000f490000,0x000000000f590000)]
  0x000000000d09f000 JavaThread "Finalizer" daemon [_thread_blocked, id=7988, stack(0x000000000ef90000,0x000000000f090000)]
  0x000000000d096800 JavaThread "Reference Handler" daemon [_thread_blocked, id=9092, stack(0x000000000ee90000,0x000000000ef90000)]

Other Threads:
  0x000000000d094800 VMThread [stack: 0x000000000ed90000,0x000000000ee90000] [id=7532]
  0x00000000022c9800 WatcherThread [stack: 0x000000000f990000,0x000000000fa90000] [id=4788]

VM state:not at safepoint (normal execution)

VM Mutex/Monitor currently owned by a thread: None

Heap
 PSYoungGen      total 57344K, used 21259K [0x00000007c0080000, 0x00000007c4080000, 0x0000000800000000)
  eden space 49152K, 34% used [0x00000007c0080000,0x00000007c1146fe0,0x00000007c3080000)
  from space 8192K, 49% used [0x00000007c3880000,0x00000007c3c7c010,0x00000007c4080000)
  to   space 8192K, 0% used [0x00000007c3080000,0x00000007c3080000,0x00000007c3880000)
 ParOldGen       total 130560K, used 16K [0x0000000740200000, 0x0000000748180000, 0x00000007c0080000)
  object space 130560K, 0% used [0x0000000740200000,0x0000000740204000,0x0000000748180000)
 PSPermGen       total 21504K, used 10679K [0x000000073b000000, 0x000000073c500000, 0x0000000740200000)
  object space 21504K, 49% used [0x000000073b000000,0x000000073ba6df80,0x000000073c500000)

Card table byte_map: [0x0000000005390000,0x00000000059c0000] byte_map_base: 0x00000000019b8000

Polling page: 0x0000000002000000

Code Cache  [0x00000000022d0000, 0x0000000002540000, 0x00000000052d0000)
 total_blobs=559 nmethods=144 adapters=369 free_code_cache=48398Kb largest_free_block=49522752

Compilation events (10 events):
Event: 68.978 Thread 0x00000000022bf000  140             java.net.URI$Parser::scanIPv4Address (233 bytes)
Event: 68.990 Thread 0x00000000022bf000 nmethod 140 0x0000000002387310 code [0x00000000023874a0, 0x0000000002387a60]
Event: 69.040 Thread 0x000000000f0b0800  141   !         java.net.URI$Parser::parseServer (337 bytes)
Event: 69.092 Thread 0x000000000f0b0800 nmethod 141 0x000000000238f150 code [0x000000000238f400, 0x0000000002390b28]
Event: 69.223 Thread 0x00000000022bf000  142             java.net.Inet4Address::<init> (83 bytes)
Event: 69.225 Thread 0x00000000022bf000 nmethod 142 0x0000000002386ed0 code [0x0000000002387020, 0x00000000023871b8]
Event: 69.295 Thread 0x000000000f0b0800  143             java.net.URI::access$400 (4 bytes)
Event: 69.295 Thread 0x000000000f0b0800 nmethod 143 0x0000000002386cd0 code [0x0000000002386e00, 0x0000000002386e58]
Event: 69.376 Thread 0x00000000022bf000  144             sun.net.spi.DefaultProxySelector::select (244 bytes)
Event: 69.419 Thread 0x00000000022bf000 nmethod 144 0x0000000002392290 code [0x0000000002392540, 0x0000000002393948]

GC Heap History (4 events):
Event: 9.193 GC heap before
{Heap before GC invocations=1 (full 0):
 PSYoungGen      total 57344K, used 49152K [0x00000007c0080000, 0x00000007c4080000, 0x0000000800000000)
  eden space 49152K, 100% used [0x00000007c0080000,0x00000007c3080000,0x00000007c3080000)
  from space 8192K, 0% used [0x00000007c3880000,0x00000007c3880000,0x00000007c4080000)
  to   space 8192K, 0% used [0x00000007c3080000,0x00000007c3080000,0x00000007c3880000)
 ParOldGen       total 130560K, used 0K [0x0000000740200000, 0x0000000748180000, 0x00000007c0080000)
  object space 130560K, 0% used [0x0000000740200000,0x0000000740200000,0x0000000748180000)
 PSPermGen       total 21504K, used 10600K [0x000000073b000000, 0x000000073c500000, 0x0000000740200000)
  object space 21504K, 49% used [0x000000073b000000,0x000000073ba5a238,0x000000073c500000)
Event: 9.199 GC heap after
Heap after GC invocations=1 (full 0):
 PSYoungGen      total 57344K, used 1744K [0x00000007c0080000, 0x00000007c4080000, 0x0000000800000000)
  eden space 49152K, 0% used [0x00000007c0080000,0x00000007c0080000,0x00000007c3080000)
  from space 8192K, 21% used [0x00000007c3080000,0x00000007c3234010,0x00000007c3880000)
  to   space 8192K, 0% used [0x00000007c3880000,0x00000007c3880000,0x00000007c4080000)
 ParOldGen       total 130560K, used 8K [0x0000000740200000, 0x0000000748180000, 0x00000007c0080000)
  object space 130560K, 0% used [0x0000000740200000,0x0000000740202000,0x0000000748180000)
 PSPermGen       total 21504K, used 10600K [0x000000073b000000, 0x000000073c500000, 0x0000000740200000)
  object space 21504K, 49% used [0x000000073b000000,0x000000073ba5a238,0x000000073c500000)
}
Event: 50.833 GC heap before
{Heap before GC invocations=2 (full 0):
 PSYoungGen      total 57344K, used 50896K [0x00000007c0080000, 0x00000007c4080000, 0x0000000800000000)
  eden space 49152K, 100% used [0x00000007c0080000,0x00000007c3080000,0x00000007c3080000)
  from space 8192K, 21% used [0x00000007c3080000,0x00000007c3234010,0x00000007c3880000)
  to   space 8192K, 0% used [0x00000007c3880000,0x00000007c3880000,0x00000007c4080000)
 ParOldGen       total 130560K, used 8K [0x0000000740200000, 0x0000000748180000, 0x00000007c0080000)
  object space 130560K, 0% used [0x0000000740200000,0x0000000740202000,0x0000000748180000)
 PSPermGen       total 21504K, used 10674K [0x000000073b000000, 0x000000073c500000, 0x0000000740200000)
  object space 21504K, 49% used [0x000000073b000000,0x000000073ba6c980,0x000000073c500000)
Event: 50.844 GC heap after
Heap after GC invocations=2 (full 0):
 PSYoungGen      total 57344K, used 4080K [0x00000007c0080000, 0x00000007c4080000, 0x0000000800000000)
  eden space 49152K, 0% used [0x00000007c0080000,0x00000007c0080000,0x00000007c3080000)
  from space 8192K, 49% used [0x00000007c3880000,0x00000007c3c7c010,0x00000007c4080000)
  to   space 8192K, 0% used [0x00000007c3080000,0x00000007c3080000,0x00000007c3880000)
 ParOldGen       total 130560K, used 16K [0x0000000740200000, 0x0000000748180000, 0x00000007c0080000)
  object space 130560K, 0% used [0x0000000740200000,0x0000000740204000,0x0000000748180000)
 PSPermGen       total 21504K, used 10674K [0x000000073b000000, 0x000000073c500000, 0x0000000740200000)
  object space 21504K, 49% used [0x000000073b000000,0x000000073ba6c980,0x000000073c500000)
}

Deoptimization events (6 events):
Event: 20.963 Thread 0x000000000f3dc800 Uncommon trap: reason=array_check action=maybe_recompile pc=0x000000000236aea4 method=java.util.AbstractCollection.toArray([Ljava/lang/Object;)[Ljava/lang/Object; @ 119
Event: 20.973 Thread 0x000000000f3dc800 Uncommon trap: reason=array_check action=maybe_recompile pc=0x000000000236aea4 method=java.util.AbstractCollection.toArray([Ljava/lang/Object;)[Ljava/lang/Object; @ 119
Event: 20.983 Thread 0x000000000f3dc800 Uncommon trap: reason=array_check action=maybe_recompile pc=0x000000000236aea4 method=java.util.AbstractCollection.toArray([Ljava/lang/Object;)[Ljava/lang/Object; @ 119
Event: 20.994 Thread 0x000000000f3dc800 Uncommon trap: reason=array_check action=maybe_recompile pc=0x000000000236aea4 method=java.util.AbstractCollection.toArray([Ljava/lang/Object;)[Ljava/lang/Object; @ 119
Event: 50.870 Thread 0x000000000d09f000 Uncommon trap: reason=unreached action=reinterpret pc=0x0000000002377720 method=java.lang.ref.ReferenceQueue.reallyPoll()Ljava/lang/ref/Reference; @ 18
Event: 50.871 Thread 0x000000000d09f000 Uncommon trap: reason=unreached action=reinterpret pc=0x0000000002377010 method=java.lang.ref.ReferenceQueue.reallyPoll()Ljava/lang/ref/Reference; @ 4

Internal exceptions (10 events):
Event: 69.551 Thread 0x000000000f3dc800 Threw 0x00000007c10b74d8 at C:\re\jdk7u45\229\hotspot\src\share\vm\prims\jni.cpp:743
Event: 69.551 Thread 0x0000000015bbf800 Threw 0x00000007c1130590 at C:\re\jdk7u45\229\hotspot\src\share\vm\prims\jni.cpp:743
Event: 69.561 Thread 0x0000000015bbf800 Threw 0x00000007c11310d8 at C:\re\jdk7u45\229\hotspot\src\share\vm\prims\jni.cpp:743
Event: 69.561 Thread 0x000000000f3dc800 Threw 0x00000007c10b7ff0 at C:\re\jdk7u45\229\hotspot\src\share\vm\prims\jni.cpp:743
Event: 69.572 Thread 0x0000000015bbf800 Threw 0x00000007c1131c20 at C:\re\jdk7u45\229\hotspot\src\share\vm\prims\jni.cpp:743
Event: 69.572 Thread 0x000000000f3dc800 Threw 0x00000007c10b8b08 at C:\re\jdk7u45\229\hotspot\src\share\vm\prims\jni.cpp:743
Event: 69.583 Thread 0x0000000015bbf800 Threw 0x00000007c1132768 at C:\re\jdk7u45\229\hotspot\src\share\vm\prims\jni.cpp:743
Event: 69.583 Thread 0x000000000f3dc800 Threw 0x00000007c10b9620 at C:\re\jdk7u45\229\hotspot\src\share\vm\prims\jni.cpp:743
Event: 69.593 Thread 0x000000000f3dc800 Threw 0x00000007c10ba138 at C:\re\jdk7u45\229\hotspot\src\share\vm\prims\jni.cpp:743
Event: 69.593 Thread 0x0000000015bbf800 Threw 0x00000007c11332b0 at C:\re\jdk7u45\229\hotspot\src\share\vm\prims\jni.cpp:743

Events (10 events):
Event: 68.597 Thread 0x0000000015b17000 Thread added: 0x0000000015b17000
Event: 68.598 Thread 0x0000000015b18000 Thread exited: 0x0000000015b18000
Event: 68.797 Thread 0x0000000015b18000 Thread added: 0x0000000015b18000
Event: 68.797 Thread 0x0000000015b16800 Thread exited: 0x0000000015b16800
Event: 68.997 Thread 0x0000000015b19800 Thread added: 0x0000000015b19800
Event: 68.997 Thread 0x0000000015b1e000 Thread exited: 0x0000000015b1e000
Event: 69.197 Thread 0x0000000015b16800 Thread added: 0x0000000015b16800
Event: 69.197 Thread 0x0000000015b1f000 Thread exited: 0x0000000015b1f000
Event: 69.397 Thread 0x0000000015b1a000 Thread added: 0x0000000015b1a000
Event: 69.397 Thread 0x0000000015b1c000 Thread exited: 0x0000000015b1c000


Dynamic libraries:
0x00007ff768090000 - 0x00007ff7680c3000 	C:\Program Files\Java\jdk1.7.0_45\jre\bin\java.exe
0x00007ff890960000 - 0x00007ff890b09000 	C:\WINDOWS\SYSTEM32\ntdll.dll
0x00007ff88e780000 - 0x00007ff88e8b9000 	C:\WINDOWS\system32\KERNEL32.DLL
0x00007ff88ddb0000 - 0x00007ff88debe000 	C:\WINDOWS\system32\KERNELBASE.dll
0x00007ff88c5b0000 - 0x00007ff88c63b000 	C:\WINDOWS\system32\apphelp.dll
0x00007ff87b520000 - 0x00007ff87b56c000 	C:\WINDOWS\AppPatch\AppPatch64\AcGenral.DLL
0x00007ff8904a0000 - 0x00007ff890547000 	C:\WINDOWS\system32\msvcrt.dll
0x00007ff88db90000 - 0x00007ff88dbbb000 	C:\WINDOWS\SYSTEM32\SspiCli.dll
0x00007ff890700000 - 0x00007ff890751000 	C:\WINDOWS\system32\SHLWAPI.dll
0x00007ff8901a0000 - 0x00007ff890311000 	C:\WINDOWS\system32\USER32.dll
0x00007ff890320000 - 0x00007ff890496000 	C:\WINDOWS\system32\ole32.dll
0x00007ff88ea30000 - 0x00007ff88fe3f000 	C:\WINDOWS\system32\SHELL32.dll
0x00007ff88d370000 - 0x00007ff88d38f000 	C:\WINDOWS\SYSTEM32\USERENV.dll
0x00007ff88e8c0000 - 0x00007ff88e965000 	C:\WINDOWS\system32\ADVAPI32.dll
0x00007ff887220000 - 0x00007ff88723b000 	C:\WINDOWS\SYSTEM32\MPR.dll
0x00007ff88e640000 - 0x00007ff88e776000 	C:\WINDOWS\system32\RPCRT4.dll
0x00007ff88fe40000 - 0x00007ff88fe97000 	C:\WINDOWS\SYSTEM32\sechost.dll
0x00007ff88ffb0000 - 0x00007ff890187000 	C:\WINDOWS\SYSTEM32\combase.dll
0x00007ff88e3d0000 - 0x00007ff88e515000 	C:\WINDOWS\system32\GDI32.dll
0x00007ff88dce0000 - 0x00007ff88dcf4000 	C:\WINDOWS\SYSTEM32\profapi.dll
0x00007ff88b130000 - 0x00007ff88b1d1000 	C:\WINDOWS\SYSTEM32\SHCORE.dll
0x00007ff890760000 - 0x00007ff890794000 	C:\WINDOWS\system32\IMM32.DLL
0x00007ff890550000 - 0x00007ff890688000 	C:\WINDOWS\system32\MSCTF.dll
0x00007ff88cd90000 - 0x00007ff88cfea000 	C:\WINDOWS\WinSxS\amd64_microsoft.windows.common-controls_6595b64144ccf1df_6.0.9600.16384_none_62475f7becb72503\COMCTL32.dll
0x0000000059510000 - 0x00000000595e2000 	C:\Program Files\Java\jdk1.7.0_45\jre\bin\msvcr100.dll
0x00000000595f0000 - 0x0000000059db9000 	C:\Program Files\Java\jdk1.7.0_45\jre\bin\server\jvm.dll
0x00007ff8876f0000 - 0x00007ff8876f9000 	C:\WINDOWS\SYSTEM32\WSOCK32.dll
0x00007ff888d10000 - 0x00007ff888d2f000 	C:\WINDOWS\SYSTEM32\WINMM.dll
0x00007ff890690000 - 0x00007ff890697000 	C:\WINDOWS\system32\PSAPI.DLL
0x00007ff88ff50000 - 0x00007ff88ffa8000 	C:\WINDOWS\system32\WS2_32.dll
0x00007ff888cb0000 - 0x00007ff888cda000 	C:\WINDOWS\SYSTEM32\WINMMBASE.dll
0x00007ff88ea20000 - 0x00007ff88ea29000 	C:\WINDOWS\system32\NSI.dll
0x00007ff88df10000 - 0x00007ff88df5a000 	C:\WINDOWS\SYSTEM32\cfgmgr32.dll
0x00007ff88c810000 - 0x00007ff88c836000 	C:\WINDOWS\SYSTEM32\DEVOBJ.dll
0x00000000594c0000 - 0x00000000594cf000 	C:\Program Files\Java\jdk1.7.0_45\jre\bin\verify.dll
0x0000000059490000 - 0x00000000594b8000 	C:\Program Files\Java\jdk1.7.0_45\jre\bin\java.dll
0x0000000059470000 - 0x0000000059485000 	C:\Program Files\Java\jdk1.7.0_45\jre\bin\zip.dll
0x0000000059290000 - 0x0000000059425000 	C:\Program Files\Java\jdk1.7.0_45\jre\bin\awt.dll
0x00007ff88e580000 - 0x00007ff88e637000 	C:\WINDOWS\system32\OLEAUT32.dll
0x00007ff889d20000 - 0x00007ff889d41000 	C:\WINDOWS\system32\DWMAPI.DLL
0x00007ff88c680000 - 0x00007ff88c7a2000 	C:\WINDOWS\system32\uxtheme.dll
0x00007ff88c640000 - 0x00007ff88c64a000 	C:\WINDOWS\SYSTEM32\kernel.appcore.dll
0x00007ff88dc20000 - 0x00007ff88dc2a000 	C:\WINDOWS\SYSTEM32\CRYPTBASE.dll
0x00007ff88dbc0000 - 0x00007ff88dc1e000 	C:\WINDOWS\SYSTEM32\bcryptPrimitives.dll
0x00007ff8837d0000 - 0x00007ff8839da000 	C:\WINDOWS\system32\d3d9.dll
0x00007ff88bac0000 - 0x00007ff88baca000 	C:\WINDOWS\SYSTEM32\VERSION.dll
0x00007ff88bad0000 - 0x00007ff88bc0d000 	C:\WINDOWS\SYSTEM32\aticfx64.dll
0x00007ff8776b0000 - 0x00007ff8776d0000 	C:\WINDOWS\SYSTEM32\atiu9p64.dll
0x00007ff875f90000 - 0x00007ff8766d4000 	C:\WINDOWS\SYSTEM32\atiumd64.dll
0x000000005a670000 - 0x000000005ad43000 	C:\WINDOWS\SYSTEM32\atiumd6a.dll
0x0000000059240000 - 0x0000000059286000 	C:\Program Files\Java\jdk1.7.0_45\jre\bin\fontmanager.dll
0x00007ff882110000 - 0x00007ff882150000 	C:\Program Files\WIDCOMM\Bluetooth Software\btmmhook.dll
0x00007ff88fea0000 - 0x00007ff88ff44000 	C:\WINDOWS\SYSTEM32\clbcatq.dll
0x00007ff88bec0000 - 0x00007ff88c053000 	C:\WINDOWS\SYSTEM32\WindowsCodecs.dll
0x00007ff88d670000 - 0x00007ff88d68e000 	C:\WINDOWS\SYSTEM32\CRYPTSP.dll
0x00007ff88d260000 - 0x00007ff88d295000 	C:\WINDOWS\system32\rsaenh.dll
0x00007ff88d8a0000 - 0x00007ff88d8c6000 	C:\WINDOWS\SYSTEM32\bcrypt.dll
0x0000000059450000 - 0x0000000059469000 	C:\Program Files\Java\jdk1.7.0_45\jre\bin\net.dll
0x00007ff88d610000 - 0x00007ff88d668000 	C:\WINDOWS\system32\mswsock.dll
0x0000000059430000 - 0x0000000059441000 	C:\Program Files\Java\jdk1.7.0_45\jre\bin\nio.dll
0x00000000591f0000 - 0x0000000059231000 	C:\Program Files\Java\jdk1.7.0_45\jre\bin\t2k.dll
0x00007ff889f00000 - 0x00007ff889f29000 	C:\WINDOWS\SYSTEM32\IPHLPAPI.DLL
0x00007ff889ef0000 - 0x00007ff889efa000 	C:\WINDOWS\SYSTEM32\WINNSI.DLL
0x00007ff8888e0000 - 0x00007ff8888f4000 	C:\WINDOWS\SYSTEM32\dhcpcsvc6.DLL
0x00007ff888820000 - 0x00007ff888839000 	C:\WINDOWS\SYSTEM32\dhcpcsvc.DLL
0x00007ff88d420000 - 0x00007ff88d4c3000 	C:\WINDOWS\SYSTEM32\DNSAPI.dll
0x000000005c320000 - 0x000000005c346000 	C:\Program Files\Bonjour\mdnsNSP.dll
0x0000000063560000 - 0x0000000063569000 	C:\Program Files\National Instruments\Shared\mDNS Responder\nimdnsNSP.dll
0x0000000063550000 - 0x000000006355e000 	C:\WINDOWS\SYSTEM32\nimdnsResponder.dll
0x000000005c350000 - 0x000000005c3f3000 	C:\WINDOWS\WinSxS\amd64_microsoft.vc90.crt_1fc8b3b9a1e18e3b_9.0.30729.8387_none_08e793bfa83a89b5\MSVCR90.dll
0x00007ff8852d0000 - 0x00007ff8852d9000 	C:\Windows\System32\rasadhlp.dll
0x00007ff888a90000 - 0x00007ff888af7000 	C:\WINDOWS\System32\fwpuclnt.dll
0x00007ff88a4c0000 - 0x00007ff88a648000 	C:\WINDOWS\SYSTEM32\dbghelp.dll

VM Arguments:
jvm_args: -Dfile.encoding=UTF-8 
java_command: cyvis.CyVis
Launcher Type: SUN_STANDARD

Environment Variables:
PATH=C:\Program Files (x86)\NVIDIA Corporation\PhysX\Common;C:\Python33\;C:\WINDOWS\system32;C:\WINDOWS;C:\WINDOWS\System32\Wbem;C:\WINDOWS\System32\WindowsPowerShell\v1.0\;C:\Program Files (x86)\Windows Kits\8.1\Windows Performance Toolkit\;C:\Program Files\Microsoft SQL Server\110\Tools\Binn\;C:\Program Files (x86)\Microsoft SDKs\TypeScript\;C:\Program Files (x86)\ATI Technologies\ATI.ACE\Core-Static;C:\Program Files\Condusiv Technologies\ExpressCache\;C:\Program Files\WIDCOMM\Bluetooth Software\;C:\Program Files\WIDCOMM\Bluetooth Software\syswow64;C:\Program Files\Microsoft\Web Platform Installer\;C:\Program Files (x86)\nodejs\;C:\Program Files\OpenVPN\bin;C:\Program Files (x86)\Windows Live\Shared;C:\Users\HOME\AppData\Roaming\npm;C:\Program Files (x86)\Nmap
USERNAME=HOME
OS=Windows_NT
PROCESSOR_IDENTIFIER=Intel64 Family 6 Model 26 Stepping 5, GenuineIntel



---------------  S Y S T E M  ---------------

OS: Windows 8 , 64 bit Build 9200 

CPU:total 8 (4 cores per cpu, 2 threads per core) family 6 model 26 stepping 5, cmov, cx8, fxsr, mmx, sse, sse2, sse3, ssse3, sse4.1, sse4.2, popcnt, ht, tsc, tscinvbit, tscinv

Memory: 4k page, physical 12573808k(6042084k free), swap 25156720k(17031700k free)

vm_info: Java HotSpot(TM) 64-Bit Server VM (24.45-b08) for windows-amd64 JRE (1.7.0_45-b18), built on Oct  8 2013 05:47:22 by "java_re" with unknown MS VC++:1600

time: Sun Dec 01 16:12:08 2013
elapsed time: 69 seconds

